<?xml version="1.0" encoding="UTF-8"?>
<!-- Generated by org.testng.reporters.JUnitReportReporter -->
<testsuite hostname="IMANUR-ALI" failures="0" tests="5" name="testCases.TestFitpeo" time="7.849" errors="0" timestamp="2024-11-25T02:56:41 IST" skipped="0">
  <testcase classname="testCases.TestFitpeo" name="navigateHomepage" time="4.246"/>
  <testcase classname="testCases.TestFitpeo" name="navigateRevenueCalculatorPage" time="0.373"/>
  <testcase classname="testCases.TestFitpeo" name="scrollDownAndSetSlider" time="1.259"/>
  <testcase classname="testCases.TestFitpeo" name="changeSliderValue" time="0.471"/>
  <testcase classname="testCases.TestFitpeo" name="scrollDownAndselectCheckboxes" time="1.500"/>
</testsuite> <!-- testCases.TestFitpeo -->
