<?xml version="1.0" encoding="UTF-8"?>
<!-- Generated by org.testng.reporters.JUnitReportReporter -->
<testsuite hostname="IMANUR-ALI" failures="0" tests="5" name="testCasesAll.TestFitpeo" time="8.009" errors="0" timestamp="2024-11-25T04:08:33 IST" skipped="0">
  <testcase classname="testCasesAll.TestFitpeo" name="navigateHomepage" time="4.378"/>
  <testcase classname="testCasesAll.TestFitpeo" name="navigateRevenueCalculatorPage" time="0.378"/>
  <testcase classname="testCasesAll.TestFitpeo" name="scrollDownAndSetSlider" time="1.287"/>
  <testcase classname="testCasesAll.TestFitpeo" name="changeSliderValue" time="0.478"/>
  <testcase classname="testCasesAll.TestFitpeo" name="scrollDownAndselectCheckboxes" time="1.488"/>
</testsuite> <!-- testCasesAll.TestFitpeo -->
